[19-47-2-934]:INFO, サーバーがポート 3000 で起動しました
[19-47-2-953]:INFO, MQTTサーバーに接続しました
[19-47-2-958]:INFO, トピック a2a/mikoto/# を購読開始
[19-47-16-16]:INFO, クライアントが接続しました:, Amh0n-kRo1bRrJ_xAAAB
[19-48-1-334]:INFO, MQTTメッセージを受信:, [object Object]
[19-48-14-540]:INFO, MQTTメッセージを受信:, [object Object]
[19-49-19-349]:INFO, クライアントが切断されました:, Amh0n-kRo1bRrJ_xAAAB
[19-49-19-370]:INFO, クライアントが接続しました:, 3Itawdm-OqCeaPQQAAAD
[19-52-13-564]:INFO, クライアントが切断されました:, 3Itawdm-OqCeaPQQAAAD
[19-52-13-583]:INFO, クライアントが接続しました:, rHKoOrPLklcmNpKwAAAF
[19-52-58-441]:INFO, MQTTメッセージを受信:, [object Object]
[19-52-58-967]:INFO, MQTTメッセージを受信:, [object Object]
[19-59-57-973]:INFO, クライアントが切断されました:, rHKoOrPLklcmNpKwAAAF
[19-59-57-991]:INFO, クライアントが接続しました:, v2Tu41QQ0XVK9XhBAAAH
[20-1-39-184]:INFO, サーバーがポート 3000 で起動しました
[20-1-39-275]:INFO, MQTTサーバーに接続しました
[20-1-39-280]:INFO, トピック a2a/mikoto/# を購読開始
[20-1-40-650]:INFO, クライアントが接続しました:, cE9w-4ObTlPUsjZvAAAB
[20-1-43-612]:INFO, クライアントが切断されました:, cE9w-4ObTlPUsjZvAAAB
[20-1-43-633]:INFO, クライアントが接続しました:, oz5kIp7y9O0cpni0AAAD
[20-1-48-469]:INFO, MQTTメッセージ送信成功:, [object Object]
[20-1-48-477]:INFO, MQTTメッセージを受信:, [object Object]
[20-1-56-667]:INFO, MQTTメッセージを受信:, [object Object]
[20-2-55-550]:INFO, MQTTメッセージ送信成功:, [object Object]
[20-2-55-644]:INFO, MQTTメッセージを受信:, [object Object]
[20-2-58-978]:INFO, MQTTメッセージを受信:, [object Object]
[20-7-5-215]:INFO, クライアントが切断されました:, oz5kIp7y9O0cpni0AAAD
[20-7-5-233]:INFO, クライアントが接続しました:, mWhf7KhOJNAbYcdWAAAF
[20-8-8-390]:INFO, MQTTメッセージ送信成功:, [object Object]
[20-8-8-525]:INFO, MQTTメッセージを受信:, [object Object]
[20-8-11-619]:INFO, MQTTメッセージを受信:, [object Object]
[20-11-4-641]:INFO, MQTTメッセージ送信成功:, [object Object]
[20-11-4-649]:INFO, MQTTメッセージを受信:, [object Object]
[20-11-8-523]:INFO, MQTTメッセージを受信:, [object Object]
[20-18-51-234]:INFO, MQTTメッセージを受信:, [object Object]
[20-18-55-320]:INFO, MQTTメッセージを受信:, [object Object]
[20-19-10-62]:INFO, MQTTメッセージを受信:, [object Object]
[20-19-11-73]:INFO, MQTTメッセージを受信:, [object Object]
[20-19-14-865]:INFO, MQTTメッセージを受信:, [object Object]
[20-19-18-484]:INFO, MQTTメッセージを受信:, [object Object]
[20-19-22-987]:INFO, MQTTメッセージを受信:, [object Object]
[20-19-28-20]:INFO, MQTTメッセージを受信:, [object Object]
[20-19-32-799]:INFO, MQTTメッセージを受信:, [object Object]
[20-19-37-614]:INFO, MQTTメッセージを受信:, [object Object]
[20-19-43-83]:INFO, MQTTメッセージを受信:, [object Object]
[20-19-47-1]:INFO, MQTTメッセージを受信:, [object Object]
[20-19-52-283]:INFO, MQTTメッセージを受信:, [object Object]
[20-19-55-320]:INFO, MQTTメッセージを受信:, [object Object]
[20-19-59-106]:INFO, MQTTメッセージを受信:, [object Object]
[20-20-1-675]:INFO, MQTTメッセージを受信:, [object Object]
[20-20-5-933]:INFO, MQTTメッセージを受信:, [object Object]
[20-20-9-203]:INFO, MQTTメッセージを受信:, [object Object]
[20-20-13-331]:INFO, MQTTメッセージを受信:, [object Object]
[20-20-16-237]:INFO, MQTTメッセージを受信:, [object Object]
[20-20-20-460]:INFO, MQTTメッセージを受信:, [object Object]
[20-20-23-816]:INFO, MQTTメッセージを受信:, [object Object]
[20-20-28-79]:INFO, MQTTメッセージを受信:, [object Object]
[20-20-29-417]:INFO, MQTTメッセージ送信成功:, [object Object]
[20-20-29-501]:INFO, MQTTメッセージを受信:, [object Object]
[20-20-31-209]:INFO, MQTTメッセージを受信:, [object Object]
[20-20-32-783]:INFO, MQTTメッセージを受信:, [object Object]
[20-20-38-264]:INFO, MQTTメッセージを受信:, [object Object]
[20-20-42-434]:INFO, MQTTメッセージを受信:, [object Object]
[20-20-45-781]:INFO, MQTTメッセージを受信:, [object Object]
[20-20-51-394]:INFO, MQTTメッセージを受信:, [object Object]
[20-20-53-806]:INFO, MQTTメッセージを受信:, [object Object]
[20-21-12-440]:INFO, MQTTメッセージを受信:, [object Object]
[20-21-27-818]:INFO, MQTTメッセージを受信:, [object Object]
[20-21-42-604]:INFO, MQTTメッセージを受信:, [object Object]
[20-21-46-438]:INFO, MQTTメッセージを受信:, [object Object]
[20-22-0-235]:INFO, MQTTメッセージを受信:, [object Object]
[20-22-20-617]:INFO, MQTTメッセージを受信:, [object Object]
[20-22-42-337]:INFO, MQTTメッセージを受信:, [object Object]
[20-22-51-109]:INFO, MQTTメッセージを受信:, [object Object]
[20-23-1-48]:INFO, MQTTメッセージを受信:, [object Object]
[20-23-13-147]:INFO, MQTTメッセージを受信:, [object Object]
[20-23-24-657]:INFO, MQTTメッセージを受信:, [object Object]
[20-23-34-887]:INFO, MQTTメッセージを受信:, [object Object]
[20-23-45-550]:INFO, MQTTメッセージを受信:, [object Object]
[20-23-55-418]:INFO, MQTTメッセージを受信:, [object Object]
[20-24-4-667]:INFO, MQTTメッセージを受信:, [object Object]
[20-24-12-883]:INFO, MQTTメッセージを受信:, [object Object]
[20-24-20-443]:INFO, MQTTメッセージを受信:, [object Object]
[20-24-28-94]:INFO, MQTTメッセージを受信:, [object Object]
[20-24-31-516]:INFO, MQTTメッセージを受信:, [object Object]
[20-24-38-805]:INFO, MQTTメッセージを受信:, [object Object]
[20-24-45-882]:INFO, MQTTメッセージを受信:, [object Object]
[20-24-53-251]:INFO, MQTTメッセージを受信:, [object Object]
[20-24-58-705]:INFO, MQTTメッセージを受信:, [object Object]
[20-25-5-570]:INFO, MQTTメッセージを受信:, [object Object]
[20-25-13-853]:INFO, MQTTメッセージを受信:, [object Object]
[20-25-21-338]:INFO, MQTTメッセージを受信:, [object Object]
[20-25-28-561]:INFO, MQTTメッセージを受信:, [object Object]
[20-25-36-616]:INFO, MQTTメッセージを受信:, [object Object]
[20-25-44-208]:INFO, MQTTメッセージを受信:, [object Object]
[20-25-50-496]:INFO, MQTTメッセージを受信:, [object Object]
[20-25-57-981]:INFO, MQTTメッセージを受信:, [object Object]
[20-26-3-967]:INFO, MQTTメッセージを受信:, [object Object]
[20-26-10-268]:INFO, MQTTメッセージを受信:, [object Object]
[20-26-16-193]:INFO, MQTTメッセージを受信:, [object Object]
[20-26-23-249]:INFO, MQTTメッセージを受信:, [object Object]
[20-26-27-658]:INFO, MQTTメッセージ送信成功:, [object Object]
[20-26-27-665]:INFO, MQTTメッセージを受信:, [object Object]
[20-26-27-680]:INFO, MQTTメッセージを受信:, [object Object]
[20-26-33-689]:INFO, MQTTメッセージを受信:, [object Object]
[20-26-39-866]:INFO, MQTTメッセージを受信:, [object Object]
[20-26-48-520]:INFO, MQTTメッセージを受信:, [object Object]
[20-26-56-466]:INFO, MQTTメッセージを受信:, [object Object]
[20-27-4-87]:INFO, MQTTメッセージを受信:, [object Object]
[20-27-5-714]:INFO, クライアントが切断されました:, mWhf7KhOJNAbYcdWAAAF
[20-27-5-728]:INFO, クライアントが接続しました:, aT3VvPtv77xT2mxfAAAH
[20-27-12-369]:INFO, MQTTメッセージを受信:, [object Object]
[20-27-20-380]:INFO, MQTTメッセージを受信:, [object Object]
[20-27-28-26]:INFO, MQTTメッセージを受信:, [object Object]
[20-27-36-586]:INFO, MQTTメッセージを受信:, [object Object]
[20-27-44-942]:INFO, MQTTメッセージを受信:, [object Object]
[20-27-53-457]:INFO, MQTTメッセージを受信:, [object Object]
[20-28-2-61]:INFO, MQTTメッセージを受信:, [object Object]
[20-28-9-265]:INFO, MQTTメッセージを受信:, [object Object]
[20-28-16-468]:INFO, MQTTメッセージを受信:, [object Object]
[20-28-24-619]:INFO, MQTTメッセージを受信:, [object Object]
[20-28-30-909]:INFO, MQTTメッセージを受信:, [object Object]
[20-28-38-142]:INFO, MQTTメッセージ送信成功:, [object Object]
[20-28-38-235]:INFO, MQTTメッセージを受信:, [object Object]
[20-28-38-251]:INFO, MQTTメッセージを受信:, [object Object]
[20-28-47-255]:INFO, MQTTメッセージを受信:, [object Object]
[20-28-57-33]:INFO, MQTTメッセージを受信:, [object Object]
[20-29-4-408]:INFO, MQTTメッセージを受信:, [object Object]
[20-29-9-532]:INFO, MQTTメッセージ送信成功:, [object Object]
[20-29-9-543]:INFO, MQTTメッセージを受信:, [object Object]
[20-29-9-552]:INFO, MQTTメッセージを受信:, [object Object]
[20-29-17-526]:INFO, MQTTメッセージを受信:, [object Object]
[20-29-26-289]:INFO, MQTTメッセージを受信:, [object Object]
[20-29-35-605]:INFO, MQTTメッセージを受信:, [object Object]
[20-29-45-917]:INFO, MQTTメッセージを受信:, [object Object]
[20-29-53-241]:INFO, MQTTメッセージを受信:, [object Object]
[20-30-0-886]:INFO, MQTTメッセージを受信:, [object Object]
[20-30-2-3]:INFO, MQTTメッセージ送信成功:, [object Object]
[20-30-2-8]:INFO, MQTTメッセージを受信:, [object Object]
[20-30-7-858]:INFO, MQTTメッセージを受信:, [object Object]
[20-30-15-590]:INFO, MQTTメッセージを受信:, [object Object]
[20-30-25-134]:INFO, MQTTメッセージを受信:, [object Object]
[20-30-33-807]:INFO, MQTTメッセージを受信:, [object Object]
[20-30-45-304]:INFO, MQTTメッセージを受信:, [object Object]
[20-30-56-539]:INFO, MQTTメッセージを受信:, [object Object]
[20-31-4-513]:INFO, MQTTメッセージを受信:, [object Object]
[20-31-8-790]:INFO, MQTTメッセージを受信:, [object Object]
[20-31-19-238]:INFO, MQTTメッセージを受信:, [object Object]
[20-31-29-444]:INFO, MQTTメッセージを受信:, [object Object]
[20-31-33-919]:INFO, MQTTメッセージ送信成功:, [object Object]
[20-31-33-928]:INFO, MQTTメッセージを受信:, [object Object]
[20-31-33-936]:INFO, MQTTメッセージを受信:, [object Object]
[20-31-43-556]:INFO, MQTTメッセージを受信:, [object Object]
[20-31-52-865]:INFO, MQTTメッセージを受信:, [object Object]
[20-32-1-200]:INFO, MQTTメッセージを受信:, [object Object]
[20-32-10-93]:INFO, MQTTメッセージを受信:, [object Object]
[20-32-17-874]:INFO, MQTTメッセージを受信:, [object Object]
[20-32-29-61]:INFO, MQTTメッセージを受信:, [object Object]
[20-32-37-274]:INFO, MQTTメッセージを受信:, [object Object]
[20-32-45-354]:INFO, MQTTメッセージを受信:, [object Object]
[20-32-55-69]:INFO, MQTTメッセージを受信:, [object Object]
[20-33-4-694]:INFO, MQTTメッセージを受信:, [object Object]
[20-33-14-250]:INFO, MQTTメッセージを受信:, [object Object]
[20-33-24-85]:INFO, MQTTメッセージを受信:, [object Object]
[20-33-33-3]:INFO, MQTTメッセージを受信:, [object Object]
[20-33-42-222]:INFO, MQTTメッセージを受信:, [object Object]
[20-33-52-495]:INFO, MQTTメッセージを受信:, [object Object]
[20-34-1-816]:INFO, MQTTメッセージを受信:, [object Object]
[20-34-12-466]:INFO, MQTTメッセージを受信:, [object Object]
[20-34-22-586]:INFO, MQTTメッセージを受信:, [object Object]
[20-34-30-758]:INFO, MQTTメッセージを受信:, [object Object]
[20-34-38-939]:INFO, MQTTメッセージを受信:, [object Object]
[20-34-53-521]:INFO, MQTTメッセージを受信:, [object Object]
[20-35-2-813]:INFO, MQTTメッセージを受信:, [object Object]
[20-35-11-662]:INFO, MQTTメッセージを受信:, [object Object]
[20-35-21-345]:INFO, MQTTメッセージを受信:, [object Object]
[20-35-30-565]:INFO, MQTTメッセージを受信:, [object Object]
[20-35-39-69]:INFO, MQTTメッセージを受信:, [object Object]
[20-35-47-150]:INFO, MQTTメッセージを受信:, [object Object]
[20-35-56-340]:INFO, MQTTメッセージを受信:, [object Object]
[20-36-5-501]:INFO, MQTTメッセージを受信:, [object Object]
[20-36-15-82]:INFO, MQTTメッセージを受信:, [object Object]
[20-36-25-614]:INFO, MQTTメッセージを受信:, [object Object]
[20-36-34-683]:INFO, MQTTメッセージを受信:, [object Object]
[20-36-43-27]:INFO, MQTTメッセージを受信:, [object Object]
[20-36-50-923]:INFO, MQTTメッセージを受信:, [object Object]
[20-37-1-744]:INFO, MQTTメッセージを受信:, [object Object]
[20-37-10-281]:INFO, MQTTメッセージを受信:, [object Object]
[20-37-20-449]:INFO, MQTTメッセージを受信:, [object Object]
[20-37-28-387]:INFO, MQTTメッセージを受信:, [object Object]
[20-37-37-752]:INFO, MQTTメッセージを受信:, [object Object]
[20-37-48-719]:INFO, MQTTメッセージを受信:, [object Object]
[20-37-59-563]:INFO, MQTTメッセージを受信:, [object Object]
[20-38-8-831]:INFO, MQTTメッセージを受信:, [object Object]
[20-38-19-501]:INFO, MQTTメッセージを受信:, [object Object]
[20-38-27-994]:INFO, MQTTメッセージを受信:, [object Object]
[20-38-35-272]:INFO, MQTTメッセージを受信:, [object Object]
[20-38-44-32]:INFO, MQTTメッセージを受信:, [object Object]
[20-38-52-150]:INFO, MQTTメッセージを受信:, [object Object]
[20-38-58-627]:INFO, MQTTメッセージを受信:, [object Object]
[20-39-7-989]:INFO, MQTTメッセージを受信:, [object Object]
[20-39-16-53]:INFO, MQTTメッセージを受信:, [object Object]
[20-39-26-737]:INFO, MQTTメッセージを受信:, [object Object]
[20-39-36-672]:INFO, MQTTメッセージを受信:, [object Object]
[20-39-45-916]:INFO, MQTTメッセージを受信:, [object Object]
[20-39-56-276]:INFO, MQTTメッセージを受信:, [object Object]
[20-40-6-262]:INFO, MQTTメッセージを受信:, [object Object]
[20-40-6-985]:INFO, クライアントが切断されました:, aT3VvPtv77xT2mxfAAAH
[20-40-8-529]:INFO, クライアントが接続しました:, bCZwTPd6RxyAQdVgAAAJ
[20-40-15-788]:INFO, MQTTメッセージを受信:, [object Object]
[20-40-25-713]:INFO, MQTTメッセージを受信:, [object Object]
[20-40-34-241]:INFO, MQTTメッセージを受信:, [object Object]
[20-40-43-735]:INFO, MQTTメッセージを受信:, [object Object]
[20-40-52-141]:INFO, MQTTメッセージを受信:, [object Object]
[20-41-0-401]:INFO, MQTTメッセージを受信:, [object Object]
[20-41-9-250]:INFO, MQTTメッセージを受信:, [object Object]
[20-41-18-419]:INFO, MQTTメッセージを受信:, [object Object]
[20-41-27-49]:INFO, MQTTメッセージを受信:, [object Object]
[20-41-37-406]:INFO, MQTTメッセージを受信:, [object Object]
[20-41-47-11]:INFO, MQTTメッセージを受信:, [object Object]
[20-41-56-780]:INFO, MQTTメッセージを受信:, [object Object]
[20-42-6-722]:INFO, MQTTメッセージを受信:, [object Object]
[20-42-17-402]:INFO, MQTTメッセージを受信:, [object Object]
[20-42-27-147]:INFO, MQTTメッセージを受信:, [object Object]
[20-42-36-755]:INFO, MQTTメッセージを受信:, [object Object]
[20-42-46-602]:INFO, MQTTメッセージを受信:, [object Object]
[20-42-48-314]:INFO, クライアントが切断されました:, bCZwTPd6RxyAQdVgAAAJ
[20-42-48-333]:INFO, クライアントが接続しました:, IWw4J4gHija3zTkKAAAL
[20-42-55-451]:INFO, MQTTメッセージを受信:, [object Object]
[20-43-4-957]:INFO, MQTTメッセージを受信:, [object Object]
[20-43-13-834]:INFO, MQTTメッセージを受信:, [object Object]
[20-43-24-832]:INFO, MQTTメッセージを受信:, [object Object]
[20-43-32-277]:INFO, MQTTメッセージを受信:, [object Object]
[20-43-40-354]:INFO, MQTTメッセージを受信:, [object Object]
[20-43-49-131]:INFO, MQTTメッセージを受信:, [object Object]
[20-43-58-854]:INFO, MQTTメッセージを受信:, [object Object]
[20-44-10-19]:INFO, MQTTメッセージを受信:, [object Object]
[20-44-20-67]:INFO, MQTTメッセージを受信:, [object Object]
[20-44-29-94]:INFO, MQTTメッセージを受信:, [object Object]
[20-44-37-960]:INFO, MQTTメッセージを受信:, [object Object]
[20-44-46-841]:INFO, MQTTメッセージを受信:, [object Object]
[20-44-48-951]:INFO, MQTTメッセージ送信成功:, [object Object]
[20-44-56-420]:INFO, MQTTメッセージを受信:, [object Object]
[20-45-5-591]:INFO, MQTTメッセージを受信:, [object Object]
[20-45-14-509]:INFO, MQTTメッセージを受信:, [object Object]
[20-45-24-78]:INFO, MQTTメッセージを受信:, [object Object]
[20-45-33-75]:INFO, MQTTメッセージを受信:, [object Object]
[20-45-41-169]:INFO, MQTTメッセージを受信:, [object Object]
[20-45-50-828]:INFO, MQTTメッセージ送信成功:, [object Object]
[20-45-50-833]:INFO, MQTTメッセージを受信:, [object Object]
[20-45-50-842]:INFO, MQTTメッセージを受信:, [object Object]
[20-46-1-44]:INFO, MQTTメッセージを受信:, [object Object]
[20-46-10-684]:INFO, MQTTメッセージを受信:, [object Object]
[20-46-19-598]:INFO, MQTTメッセージを受信:, [object Object]
[20-46-28-577]:INFO, MQTTメッセージを受信:, [object Object]
[20-46-37-336]:INFO, MQTTメッセージを受信:, [object Object]
[20-46-47-211]:INFO, MQTTメッセージを受信:, [object Object]
[20-46-56-211]:INFO, MQTTメッセージを受信:, [object Object]
[20-47-5-661]:INFO, MQTTメッセージを受信:, [object Object]
[20-47-14-729]:INFO, MQTTメッセージを受信:, [object Object]
[20-47-22-801]:INFO, MQTTメッセージを受信:, [object Object]
[20-47-35-585]:INFO, MQTTメッセージを受信:, [object Object]
[20-47-37-998]:INFO, MQTTメッセージ送信成功:, [object Object]
[20-47-38-3]:INFO, MQTTメッセージを受信:, [object Object]
[20-47-45-297]:INFO, MQTTメッセージを受信:, [object Object]
[20-47-53-787]:INFO, MQTTメッセージを受信:, [object Object]
[20-48-3-133]:INFO, MQTTメッセージを受信:, [object Object]
[20-48-13-12]:INFO, MQTTメッセージを受信:, [object Object]
[20-48-22-160]:INFO, MQTTメッセージを受信:, [object Object]
[20-48-30-569]:INFO, MQTTメッセージを受信:, [object Object]
[20-48-39-251]:INFO, MQTTメッセージを受信:, [object Object]
[20-48-47-884]:INFO, MQTTメッセージを受信:, [object Object]
[20-48-57-274]:INFO, MQTTメッセージを受信:, [object Object]
[20-49-7-336]:INFO, MQTTメッセージを受信:, [object Object]
[20-49-17-142]:INFO, MQTTメッセージを受信:, [object Object]
[20-49-19-97]:INFO, クライアントが切断されました:, IWw4J4gHija3zTkKAAAL
[20-49-19-118]:INFO, クライアントが接続しました:, inNBIk0b2kEwJRQlAAAN
[20-49-25-108]:INFO, MQTTメッセージを受信:, [object Object]
[20-49-34-791]:INFO, MQTTメッセージを受信:, [object Object]
[20-49-44-460]:INFO, MQTTメッセージを受信:, [object Object]
[20-49-50-639]:INFO, MQTTメッセージを受信:, [object Object]
[20-50-0-621]:INFO, MQTTメッセージを受信:, [object Object]
[20-50-4-416]:INFO, MQTTメッセージ送信成功:, [object Object]
[20-50-4-425]:INFO, MQTTメッセージを受信:, [object Object]
[20-50-4-433]:INFO, MQTTメッセージを受信:, [object Object]
[20-50-14-700]:INFO, MQTTメッセージを受信:, [object Object]
[20-50-24-301]:INFO, MQTTメッセージを受信:, [object Object]
[20-50-33-792]:INFO, MQTTメッセージを受信:, [object Object]
[20-50-43-536]:INFO, MQTTメッセージを受信:, [object Object]
[20-50-52-333]:INFO, MQTTメッセージを受信:, [object Object]
[20-51-1-235]:INFO, MQTTメッセージを受信:, [object Object]
[20-51-10-828]:INFO, MQTTメッセージを受信:, [object Object]
[20-51-20-253]:INFO, MQTTメッセージを受信:, [object Object]
[20-51-30-31]:INFO, MQTTメッセージを受信:, [object Object]
[20-51-39-816]:INFO, MQTTメッセージを受信:, [object Object]
[20-51-49-576]:INFO, MQTTメッセージを受信:, [object Object]
[20-51-56-923]:INFO, MQTTメッセージ送信成功:, [object Object]
[20-51-57-37]:INFO, MQTTメッセージを受信:, [object Object]
[20-51-57-46]:INFO, MQTTメッセージを受信:, [object Object]
[20-52-6-205]:INFO, MQTTメッセージを受信:, [object Object]
[20-52-15-781]:INFO, MQTTメッセージを受信:, [object Object]
[20-52-24-896]:INFO, MQTTメッセージを受信:, [object Object]
[20-52-34-59]:INFO, MQTTメッセージを受信:, [object Object]
[20-52-40-485]:INFO, MQTTメッセージを受信:, [object Object]
[20-52-49-643]:INFO, MQTTメッセージを受信:, [object Object]
[20-52-57-644]:INFO, MQTTメッセージを受信:, [object Object]
[20-53-6-408]:INFO, MQTTメッセージを受信:, [object Object]
[20-53-15-894]:INFO, MQTTメッセージを受信:, [object Object]
[20-53-24-938]:INFO, MQTTメッセージを受信:, [object Object]
[20-53-33-458]:INFO, MQTTメッセージを受信:, [object Object]
[20-53-42-548]:INFO, MQTTメッセージを受信:, [object Object]
[20-53-46-96]:INFO, MQTTメッセージ送信成功:, [object Object]
[20-53-46-104]:INFO, MQTTメッセージを受信:, [object Object]
[20-53-46-111]:INFO, MQTTメッセージを受信:, [object Object]
[20-53-55-836]:INFO, MQTTメッセージを受信:, [object Object]
[20-54-4-933]:INFO, MQTTメッセージを受信:, [object Object]
[20-54-15-319]:INFO, MQTTメッセージを受信:, [object Object]
[20-54-21-351]:INFO, MQTTメッセージを受信:, [object Object]
[20-54-30-317]:INFO, MQTTメッセージを受信:, [object Object]
[20-54-39-481]:INFO, MQTTメッセージを受信:, [object Object]
[20-54-48-437]:INFO, MQTTメッセージを受信:, [object Object]
[20-54-59-719]:INFO, MQTTメッセージを受信:, [object Object]
[20-55-10-962]:INFO, MQTTメッセージを受信:, [object Object]
[20-55-19-820]:INFO, MQTTメッセージを受信:, [object Object]
[20-55-29-77]:INFO, MQTTメッセージを受信:, [object Object]
[20-55-39-106]:INFO, MQTTメッセージを受信:, [object Object]
[20-55-47-962]:INFO, MQTTメッセージを受信:, [object Object]
[20-55-56-702]:INFO, MQTTメッセージを受信:, [object Object]
[20-56-7-27]:INFO, MQTTメッセージを受信:, [object Object]
[20-56-17-70]:INFO, MQTTメッセージを受信:, [object Object]
[20-56-26-90]:INFO, MQTTメッセージを受信:, [object Object]
[20-56-34-864]:INFO, MQTTメッセージを受信:, [object Object]
[20-56-43-31]:INFO, MQTTメッセージを受信:, [object Object]
[20-56-49-316]:INFO, MQTTメッセージを受信:, [object Object]
[20-56-49-324]:INFO, MQTTメッセージを受信:, [object Object]
[20-56-58-948]:INFO, MQTTメッセージを受信:, [object Object]
[20-57-6-707]:INFO, MQTTメッセージを受信:, [object Object]
[20-57-15-115]:INFO, MQTTメッセージを受信:, [object Object]
[20-57-23-511]:INFO, MQTTメッセージを受信:, [object Object]
[20-57-29-676]:INFO, MQTTメッセージを受信:, [object Object]
[20-59-36-940]:INFO, MQTTメッセージを受信:, [object Object]
[20-59-37-943]:INFO, MQTTメッセージを受信:, [object Object]
[20-59-38-809]:INFO, MQTTメッセージを受信:, [object Object]
[20-59-40-60]:INFO, MQTTメッセージを受信:, [object Object]
[20-59-41-705]:INFO, MQTTメッセージを受信:, [object Object]
[20-59-43-127]:INFO, MQTTメッセージを受信:, [object Object]
[20-59-44-924]:INFO, MQTTメッセージを受信:, [object Object]
[20-59-46-607]:INFO, MQTTメッセージを受信:, [object Object]
[20-59-49-540]:INFO, MQTTメッセージを受信:, [object Object]
[20-59-55-9]:INFO, MQTTメッセージを受信:, [object Object]
[21-0-2-583]:INFO, MQTTメッセージを受信:, [object Object]
[21-0-15-252]:INFO, MQTTメッセージを受信:, [object Object]
[21-0-23-532]:INFO, MQTTメッセージ送信成功:, [object Object]
[21-0-23-537]:INFO, MQTTメッセージを受信:, [object Object]
[21-0-31-802]:INFO, MQTTメッセージを受信:, [object Object]
[21-0-39-55]:INFO, MQTTメッセージを受信:, [object Object]
[21-0-43-445]:INFO, MQTTメッセージを受信:, [object Object]
[21-0-50-674]:INFO, MQTTメッセージを受信:, [object Object]
[21-0-57-985]:INFO, MQTTメッセージを受信:, [object Object]
[21-1-5-889]:INFO, MQTTメッセージを受信:, [object Object]
[21-1-9-660]:INFO, MQTTメッセージ送信成功:, [object Object]
[21-1-9-793]:INFO, MQTTメッセージを受信:, [object Object]
[21-1-23-74]:INFO, MQTTメッセージを受信:, [object Object]
[21-1-27-613]:INFO, MQTTメッセージを受信:, [object Object]
[21-1-34-554]:INFO, MQTTメッセージを受信:, [object Object]
[21-1-36-729]:INFO, MQTTメッセージ送信成功:, [object Object]
[21-1-36-737]:INFO, MQTTメッセージを受信:, [object Object]
[21-1-43-454]:INFO, MQTTメッセージを受信:, [object Object]
[21-1-51-600]:INFO, MQTTメッセージを受信:, [object Object]
[21-1-58-298]:INFO, MQTTメッセージを受信:, [object Object]
[21-2-1-295]:INFO, MQTTメッセージを受信:, [object Object]
[21-2-7-196]:INFO, MQTTメッセージを受信:, [object Object]
[21-2-11-638]:INFO, MQTTメッセージを受信:, [object Object]
[21-2-16-752]:INFO, MQTTメッセージを受信:, [object Object]
[21-2-24-321]:INFO, MQTTメッセージを受信:, [object Object]
[21-2-31-146]:INFO, MQTTメッセージを受信:, [object Object]
[21-2-37-740]:INFO, MQTTメッセージを受信:, [object Object]
[21-2-43-27]:INFO, MQTTメッセージを受信:, [object Object]
[21-2-47-668]:INFO, MQTTメッセージを受信:, [object Object]
[21-2-52-792]:INFO, MQTTメッセージを受信:, [object Object]
[21-3-0-398]:INFO, MQTTメッセージを受信:, [object Object]
[21-3-7-83]:INFO, MQTTメッセージを受信:, [object Object]
[21-3-14-264]:INFO, MQTTメッセージを受信:, [object Object]
[21-3-14-562]:INFO, MQTTメッセージ送信成功:, [object Object]
[21-3-14-571]:INFO, MQTTメッセージを受信:, [object Object]
[21-3-21-151]:INFO, MQTTメッセージを受信:, [object Object]
[21-3-28-193]:INFO, MQTTメッセージを受信:, [object Object]
[21-3-34-795]:INFO, MQTTメッセージを受信:, [object Object]
[21-3-41-184]:INFO, MQTTメッセージを受信:, [object Object]
[21-3-47-621]:INFO, MQTTメッセージを受信:, [object Object]
[21-3-51-593]:INFO, MQTTメッセージを受信:, [object Object]
[21-3-58-37]:INFO, MQTTメッセージを受信:, [object Object]
[21-4-5-276]:INFO, MQTTメッセージを受信:, [object Object]
[21-4-11-650]:INFO, MQTTメッセージを受信:, [object Object]
[21-4-19-308]:INFO, MQTTメッセージを受信:, [object Object]
[21-4-28-323]:INFO, MQTTメッセージを受信:, [object Object]
[21-4-35-62]:INFO, MQTTメッセージを受信:, [object Object]
[21-4-46-528]:INFO, MQTTメッセージを受信:, [object Object]
[21-4-51-950]:INFO, MQTTメッセージを受信:, [object Object]
[21-4-59-475]:INFO, MQTTメッセージを受信:, [object Object]
[21-5-6-35]:INFO, MQTTメッセージを受信:, [object Object]
[21-5-13-817]:INFO, MQTTメッセージを受信:, [object Object]
[21-5-23-533]:INFO, MQTTメッセージを受信:, [object Object]
[21-5-36-288]:INFO, MQTTメッセージを受信:, [object Object]
[21-5-44-634]:INFO, MQTTメッセージを受信:, [object Object]
[21-5-51-736]:INFO, MQTTメッセージを受信:, [object Object]
[21-5-57-767]:INFO, MQTTメッセージを受信:, [object Object]
[21-6-7-693]:INFO, MQTTメッセージを受信:, [object Object]
[21-6-17-731]:INFO, MQTTメッセージを受信:, [object Object]
[21-6-27-166]:INFO, MQTTメッセージを受信:, [object Object]
[21-6-42-303]:INFO, MQTTメッセージを受信:, [object Object]
[21-6-53-281]:INFO, MQTTメッセージを受信:, [object Object]
[21-9-7-651]:INFO, MQTTメッセージを受信:, [object Object]
[21-9-14-742]:INFO, MQTTメッセージを受信:, [object Object]
[21-9-23-524]:INFO, MQTTメッセージを受信:, [object Object]
[21-9-35-544]:INFO, MQTTメッセージを受信:, [object Object]
[21-9-47-649]:INFO, MQTTメッセージを受信:, [object Object]
[21-9-58-577]:INFO, MQTTメッセージを受信:, [object Object]
[21-10-11-841]:INFO, MQTTメッセージを受信:, [object Object]
[21-10-16-887]:INFO, MQTTメッセージを受信:, [object Object]
[21-10-22-773]:INFO, MQTTメッセージを受信:, [object Object]
[21-10-24-951]:INFO, MQTTメッセージを受信:, [object Object]
[21-10-30-610]:INFO, MQTTメッセージを受信:, [object Object]
[21-10-42-590]:INFO, MQTTメッセージを受信:, [object Object]
[21-10-57-418]:INFO, MQTTメッセージを受信:, [object Object]
[21-11-11-320]:INFO, MQTTメッセージを受信:, [object Object]
[21-11-15-944]:INFO, MQTTメッセージを受信:, [object Object]
[21-11-19-658]:INFO, MQTTメッセージを受信:, [object Object]
[21-11-24-864]:INFO, MQTTメッセージを受信:, [object Object]
